[33m06--05-2022 15:18:21.036[0;39m [restartedMain] INFO  c.pgt360.payment.PaymentApplication - Starting PaymentApplication using Java 1.8.0_202 on NDTLPZ0371 with PID 49904 (C:\Users\iquispe\Desktop\projects\PosService\target\classes started by iquispe in C:\Users\iquispe\Desktop\projects\PosService)
[33m06--05-2022 15:18:21.047[0;39m [restartedMain] INFO  c.pgt360.payment.PaymentApplication - No active profile set, falling back to default profiles: default
[33m06--05-2022 15:18:24.085[0;39m [restartedMain] INFO  o.a.catalina.core.StandardService - Starting service [Tomcat]
[33m06--05-2022 15:18:24.085[0;39m [restartedMain] INFO  o.a.catalina.core.StandardEngine - Starting Servlet engine: [Apache Tomcat/9.0.56]
[33m06--05-2022 15:18:24.269[0;39m [restartedMain] INFO  o.a.c.c.C.[Tomcat].[localhost].[/] - Initializing Spring embedded WebApplicationContext
[33m06--05-2022 15:18:24.541[0;39m [restartedMain] INFO  o.h.jpa.internal.util.LogHelper - HHH000204: Processing PersistenceUnitInfo [name: default]
[33m06--05-2022 15:18:24.585[0;39m [restartedMain] INFO  org.hibernate.Version - HHH000412: Hibernate ORM core version 5.4.33
[33m06--05-2022 15:18:24.723[0;39m [restartedMain] INFO  o.h.annotations.common.Version - HCANN000001: Hibernate Commons Annotations {5.1.2.Final}
[33m06--05-2022 15:18:24.824[0;39m [restartedMain] INFO  com.zaxxer.hikari.HikariDataSource - HikariPool-1 - Starting...
[33m06--05-2022 15:18:28.249[0;39m [restartedMain] INFO  com.zaxxer.hikari.HikariDataSource - HikariPool-1 - Start completed.
[33m06--05-2022 15:18:28.280[0;39m [restartedMain] INFO  org.hibernate.dialect.Dialect - HHH000400: Using dialect: org.hibernate.dialect.PostgreSQLDialect
[33m06--05-2022 15:18:31.314[0;39m [restartedMain] INFO  o.h.e.t.j.p.i.JtaPlatformInitiator - HHH000490: Using JtaPlatform implementation: [org.hibernate.engine.transaction.jta.platform.internal.NoJtaPlatform]
[33m06--05-2022 15:18:32.828[0;39m [restartedMain] INFO  s.d.s.w.PropertySourcedRequestMappingHandlerMapping - Mapped URL path [/v2/api-docs] onto method [springfox.documentation.swagger2.web.Swagger2Controller#getDocumentation(String, HttpServletRequest)]
[33m06--05-2022 15:18:33.471[0;39m [restartedMain] INFO  s.d.s.w.p.DocumentationPluginsBootstrapper - Context refreshed
[33m06--05-2022 15:18:33.487[0;39m [restartedMain] INFO  s.d.s.w.p.DocumentationPluginsBootstrapper - Found 1 custom documentation plugin(s)
[33m06--05-2022 15:18:33.517[0;39m [restartedMain] INFO  s.d.s.w.s.ApiListingReferenceScanner - Scanning for api listing references
[33m06--05-2022 15:18:33.746[0;39m [restartedMain] INFO  s.d.s.w.r.o.CachingOperationNameGenerator - Generating unique operation named: obtenerComercioPorEstadoUsingGET_1
[33m06--05-2022 15:18:33.813[0;39m [restartedMain] INFO  c.pgt360.payment.PaymentApplication - Started PaymentApplication in 13.624 seconds (JVM running for 16.648)
[33m06--05-2022 15:18:35.128[0;39m [restartedMain] INFO  com.pgt360.payment.server.Server - *************************************************
[33m06--05-2022 15:18:35.128[0;39m [restartedMain] INFO  com.pgt360.payment.server.Server - ***********Server iniciado : port 8090***********
[33m06--05-2022 15:18:35.128[0;39m [restartedMain] INFO  com.pgt360.payment.server.Server - *************************************************
